<?xml version="1.0" encoding="UTF-8"?>
<!-- Generated by org.testng.reporters.JUnitReportReporter -->
<testsuite hostname="LAPTOP-8PIQVS4A" name="com.mycompany.app.ValidateNavigationBar" tests="1" failures="0" timestamp="11 Nov 2019 21:31:57 GMT" time="0.119" errors="0">
  <testcase name="basePageNavigationBar" time="0.119" classname="com.mycompany.app.ValidateNavigationBar"/>
</testsuite> <!-- com.mycompany.app.ValidateNavigationBar -->
