<?xml version="1.0" encoding="UTF-8"?>
<!-- Generated by org.testng.reporters.JUnitReportReporter -->
<testsuite hostname="LAPTOP-8PIQVS4A" name="com.mycompany.app.ValidateTitle" tests="1" failures="0" timestamp="12 Nov 2019 17:10:10 GMT" time="0.039" errors="0">
  <testcase name="basePageNavigation" time="0.039" classname="com.mycompany.app.ValidateTitle"/>
</testsuite> <!-- com.mycompany.app.ValidateTitle -->
