<?xml version="1.0" encoding="UTF-8"?>
<!-- Generated by org.testng.reporters.JUnitReportReporter -->
<testsuite hostname="LAPTOP-8PIQVS4A" name="com.mycompany.app.HomePage" tests="2" failures="0" timestamp="12 Nov 2019 17:10:10 GMT" time="12.152" errors="0">
  <testcase name="basePageNavigation" time="8.301" classname="com.mycompany.app.HomePage"/>
  <testcase name="basePageNavigation" time="3.851" classname="com.mycompany.app.HomePage"/>
</testsuite> <!-- com.mycompany.app.HomePage -->
